{"level":"error","message":"Sun Oct 18 2020 01:43:55 GMT+0300 (Восточная Европа, летнее время) | Uncaught Exception: Oops!"}
{"level":"error","message":"Sun Oct 18 2020 01:45:09 GMT+0300 (Восточная Европа, летнее время) | Uncaught Exception: Oops!"}
{"level":"error","message":"Sun Oct 18 2020 01:45:40 GMT+0300 (Восточная Европа, летнее время) | Uncaught Exception: Oops!"}
{"level":"info","message":"{ url: /boards, method: POST, body: {title: Autotest board, columns: [{\"title\":\"Backlog\",\"order\":1},{\"title\":\"Sprint\",\"order\":2}]}, query_params: null }"}
{"level":"info","message":"{ url: /boards, method: GET, body: null, query_params: null }"}
{"level":"info","message":"{ url: /boards, method: GET, body: null, query_params: null }"}
{"level":"info","message":"{ url: /boards/1, method: GET, body: null, query_params: null }"}
{"level":"info","message":"{ url: /boards, method: POST, body: {title: Autotest board, columns: [{\"title\":\"Backlog\",\"order\":1},{\"title\":\"Sprint\",\"order\":2}]}, query_params: null }"}
{"level":"info","message":"{ url: /boards/e65662c1-f215-41b8-a282-97cf19a1bd3f, method: DELETE, body: null, query_params: null }"}
{"level":"info","message":"{ url: /boards, method: POST, body: {title: Autotest board, columns: [{\"title\":\"Backlog\",\"order\":1},{\"title\":\"Sprint\",\"order\":2}]}, query_params: null }"}
{"level":"info","message":"{ url: /boards/fefb2431-f2b1-4997-87b5-e163127f7361, method: PUT, body: {id: fefb2431-f2b1-4997-87b5-e163127f7361, title: Autotest updated board, columns: [{\"id\":\"5ecb019c-0d6d-4498-a96e-2b019a440f22\",\"title\":\"Backlog\",\"order\":1},{\"id\":\"7cd837dc-35f6-44a3-9194-4cc0748fb761\",\"title\":\"Sprint\",\"order\":2}]}, query_params: null }"}
{"level":"info","message":"{ url: /boards/fefb2431-f2b1-4997-87b5-e163127f7361, method: GET, body: null, query_params: null }"}
{"level":"info","message":"{ url: /boards/fefb2431-f2b1-4997-87b5-e163127f7361, method: DELETE, body: null, query_params: null }"}
{"level":"info","message":"{ url: /boards, method: POST, body: {title: Autotest board, columns: [{\"title\":\"Backlog\",\"order\":1},{\"title\":\"Sprint\",\"order\":2}]}, query_params: null }"}
{"level":"info","message":"{ url: /boards/ccea12aa-f2cb-4018-8691-49422257335d, method: DELETE, body: null, query_params: null }"}
{"level":"info","message":"{ url: /boards/ccea12aa-f2cb-4018-8691-49422257335d, method: GET, body: null, query_params: null }"}
{"level":"info","message":"{ url: /boards, method: POST, body: {title: Autotest board, columns: [{\"title\":\"Backlog\",\"order\":1},{\"title\":\"Sprint\",\"order\":2}]}, query_params: null }"}
{"level":"info","message":"{ url: /boards/de7a235b-d760-4830-99c7-d7ca7496ab37/tasks, method: POST, body: {title: Task #1, order: 1, description: Lorem ipsum, boardId: de7a235b-d760-4830-99c7-d7ca7496ab37, userId: null, columnId: null}, query_params: null }"}
{"level":"info","message":"{ url: /boards/de7a235b-d760-4830-99c7-d7ca7496ab37/tasks, method: POST, body: {title: Task #3, order: 3, description: Lorem ipsum, boardId: de7a235b-d760-4830-99c7-d7ca7496ab37, userId: null, columnId: null}, query_params: null }"}
{"level":"info","message":"{ url: /boards/de7a235b-d760-4830-99c7-d7ca7496ab37/tasks, method: POST, body: {title: Task #2, order: 2, description: Lorem ipsum, boardId: de7a235b-d760-4830-99c7-d7ca7496ab37, userId: null, columnId: null}, query_params: null }"}
{"level":"info","message":"{ url: /boards/de7a235b-d760-4830-99c7-d7ca7496ab37/tasks, method: POST, body: {title: Task #4, order: 4, description: Lorem ipsum, boardId: de7a235b-d760-4830-99c7-d7ca7496ab37, userId: null, columnId: null}, query_params: null }"}
{"level":"info","message":"{ url: /boards/de7a235b-d760-4830-99c7-d7ca7496ab37/tasks, method: POST, body: {title: Task #5, order: 5, description: Lorem ipsum, boardId: de7a235b-d760-4830-99c7-d7ca7496ab37, userId: null, columnId: null}, query_params: null }"}
{"level":"info","message":"{ url: /boards/de7a235b-d760-4830-99c7-d7ca7496ab37/tasks/351c4792-ed85-4bf1-af19-4a6ca5978fdb, method: GET, body: null, query_params: null }"}
{"level":"info","message":"{ url: /boards/de7a235b-d760-4830-99c7-d7ca7496ab37/tasks/7aecb7ba-76e2-4cfb-a45e-8a0d6f9142c8, method: GET, body: null, query_params: null }"}
{"level":"info","message":"{ url: /boards/de7a235b-d760-4830-99c7-d7ca7496ab37/tasks/53690bc2-9327-4a94-9268-013c6c9360ef, method: GET, body: null, query_params: null }"}
{"level":"info","message":"{ url: /boards/de7a235b-d760-4830-99c7-d7ca7496ab37/tasks/731045a2-9dff-4fe4-b17c-26f8537fc0e7, method: GET, body: null, query_params: null }"}
{"level":"info","message":"{ url: /boards/de7a235b-d760-4830-99c7-d7ca7496ab37/tasks/ea5cf111-e6b9-406a-bc7f-624f239f9b9a, method: GET, body: null, query_params: null }"}
{"level":"info","message":"{ url: /boards/de7a235b-d760-4830-99c7-d7ca7496ab37, method: DELETE, body: null, query_params: null }"}
{"level":"info","message":"{ url: /boards/de7a235b-d760-4830-99c7-d7ca7496ab37/tasks/351c4792-ed85-4bf1-af19-4a6ca5978fdb, method: GET, body: null, query_params: null }"}
{"level":"info","message":"{ url: /boards/de7a235b-d760-4830-99c7-d7ca7496ab37/tasks/7aecb7ba-76e2-4cfb-a45e-8a0d6f9142c8, method: GET, body: null, query_params: null }"}
{"level":"info","message":"{ url: /boards/de7a235b-d760-4830-99c7-d7ca7496ab37/tasks/53690bc2-9327-4a94-9268-013c6c9360ef, method: GET, body: null, query_params: null }"}
{"level":"info","message":"{ url: /boards/de7a235b-d760-4830-99c7-d7ca7496ab37/tasks/731045a2-9dff-4fe4-b17c-26f8537fc0e7, method: GET, body: null, query_params: null }"}
{"level":"info","message":"{ url: /boards/de7a235b-d760-4830-99c7-d7ca7496ab37/tasks/ea5cf111-e6b9-406a-bc7f-624f239f9b9a, method: GET, body: null, query_params: null }"}
{"level":"info","message":"{ url: /boards/156922be-1e30-4652-99f0-dcff203f5b95, method: DELETE, body: null, query_params: null }"}
{"level":"info","message":"{ url: /boards, method: POST, body: {title: Autotest board, columns: [{\"title\":\"Backlog\",\"order\":1},{\"title\":\"Sprint\",\"order\":2}]}, query_params: null }"}
{"level":"info","message":"{ url: /boards/8b3d0592-5773-461c-90af-3ac262af2aa7/tasks, method: POST, body: {title: Autotest task, order: 0, description: Lorem ipsum, userId: null, boardId: null, columnId: null}, query_params: null }"}
{"level":"info","message":"{ url: /boards/8b3d0592-5773-461c-90af-3ac262af2aa7/tasks, method: GET, body: null, query_params: null }"}
{"level":"info","message":"{ url: /boards/8b3d0592-5773-461c-90af-3ac262af2aa7/tasks, method: GET, body: null, query_params: null }"}
{"level":"info","message":"{ url: /boards/8b3d0592-5773-461c-90af-3ac262af2aa7/tasks/a5ddb712-9f68-48a9-96fe-4627b548b4a2, method: GET, body: null, query_params: null }"}
{"level":"info","message":"{ url: /boards/8b3d0592-5773-461c-90af-3ac262af2aa7/tasks, method: POST, body: {title: Autotest task, order: 0, description: Lorem ipsum, userId: null, boardId: null, columnId: null}, query_params: null }"}
{"level":"info","message":"{ url: /boards/8b3d0592-5773-461c-90af-3ac262af2aa7/tasks/97e494a5-d46d-4656-86d5-92a957ae8fd9, method: DELETE, body: null, query_params: null }"}
{"level":"info","message":"{ url: /boards/8b3d0592-5773-461c-90af-3ac262af2aa7/tasks, method: POST, body: {title: Autotest task, order: 0, description: Lorem ipsum, userId: null, boardId: null, columnId: null}, query_params: null }"}
{"level":"info","message":"{ url: /boards/8b3d0592-5773-461c-90af-3ac262af2aa7/tasks/eb36c0f1-b585-4472-8c81-52c4d2816652, method: PUT, body: {id: eb36c0f1-b585-4472-8c81-52c4d2816652, title: Autotest updated task, order: 0, description: Lorem ipsum, userId: null, boardId: 8b3d0592-5773-461c-90af-3ac262af2aa7, columnId: null}, query_params: null }"}
{"level":"info","message":"{ url: /boards/8b3d0592-5773-461c-90af-3ac262af2aa7/tasks/eb36c0f1-b585-4472-8c81-52c4d2816652, method: GET, body: null, query_params: null }"}
{"level":"info","message":"{ url: /boards/8b3d0592-5773-461c-90af-3ac262af2aa7/tasks/a5ddb712-9f68-48a9-96fe-4627b548b4a2, method: GET, body: null, query_params: null }"}
{"level":"info","message":"{ url: /boards/8b3d0592-5773-461c-90af-3ac262af2aa7/tasks/a5ddb712-9f68-48a9-96fe-4627b548b4a2, method: DELETE, body: null, query_params: null }"}
{"level":"info","message":"{ url: /boards/8b3d0592-5773-461c-90af-3ac262af2aa7/tasks/a5ddb712-9f68-48a9-96fe-4627b548b4a2, method: GET, body: null, query_params: null }"}
{"level":"info","message":"{ url: /boards/8b3d0592-5773-461c-90af-3ac262af2aa7, method: DELETE, body: null, query_params: null }"}
{"level":"info","message":"{ url: /users, method: GET, body: null, query_params: null }"}
{"level":"info","message":"{ url: /users, method: POST, body: {name: TEST_USER, login: test_user, password: T35t_P@55w0rd}, query_params: null }"}
{"level":"info","message":"{ url: /users/b669f645-d882-41d5-98df-8bbc13a5b7c2, method: GET, body: null, query_params: null }"}
{"level":"info","message":"{ url: /users/b669f645-d882-41d5-98df-8bbc13a5b7c2, method: DELETE, body: null, query_params: null }"}
{"level":"info","message":"{ url: /users, method: POST, body: {name: TEST_USER, login: test_user, password: T35t_P@55w0rd}, query_params: null }"}
{"level":"info","message":"{ url: /users/a7e65e64-783b-4ab2-8e59-029847d75a9b, method: DELETE, body: null, query_params: null }"}
{"level":"info","message":"{ url: /users, method: POST, body: {name: TEST_USER, login: test_user, password: T35t_P@55w0rd}, query_params: null }"}
{"level":"info","message":"{ url: /users/e175d885-4491-4fc7-8b63-5137622a01ad, method: PUT, body: {name: Autotest updated TEST_USER, login: test_user, password: T35t_P@55w0rd, id: e175d885-4491-4fc7-8b63-5137622a01ad}, query_params: null }"}
{"level":"info","message":"{ url: /users/e175d885-4491-4fc7-8b63-5137622a01ad, method: GET, body: null, query_params: null }"}
{"level":"info","message":"{ url: /users/e175d885-4491-4fc7-8b63-5137622a01ad, method: DELETE, body: null, query_params: null }"}
{"level":"info","message":"{ url: /users, method: POST, body: {name: TEST_USER, login: test_user, password: T35t_P@55w0rd}, query_params: null }"}
{"level":"info","message":"{ url: /users/47902f36-083c-401b-9be3-c2df9a5d8d69, method: DELETE, body: null, query_params: null }"}
{"level":"info","message":"{ url: /users, method: POST, body: {name: TEST_USER, login: test_user, password: T35t_P@55w0rd}, query_params: null }"}
{"level":"info","message":"{ url: /boards, method: POST, body: {title: Autotest board, columns: [{\"title\":\"Backlog\",\"order\":1},{\"title\":\"Sprint\",\"order\":2}]}, query_params: null }"}
{"level":"info","message":"{ url: /boards/725e5567-c4af-4ec5-8e14-6e30c68e988f/tasks, method: POST, body: {title: Task #1, order: 1, description: Lorem ipsum, userId: d444e448-9608-4393-8e96-6444d9b24f15, boardId: 725e5567-c4af-4ec5-8e14-6e30c68e988f}, query_params: null }"}
{"level":"info","message":"{ url: /boards/725e5567-c4af-4ec5-8e14-6e30c68e988f/tasks, method: POST, body: {title: Task #2, order: 2, description: Lorem ipsum, userId: d444e448-9608-4393-8e96-6444d9b24f15, boardId: 725e5567-c4af-4ec5-8e14-6e30c68e988f}, query_params: null }"}
{"level":"info","message":"{ url: /users/d444e448-9608-4393-8e96-6444d9b24f15, method: DELETE, body: null, query_params: null }"}
{"level":"info","message":"{ url: /boards/725e5567-c4af-4ec5-8e14-6e30c68e988f/tasks/1a8cae7a-3d7c-434a-b5ba-936d755840dd, method: GET, body: null, query_params: null }"}
{"level":"info","message":"{ url: /boards/725e5567-c4af-4ec5-8e14-6e30c68e988f/tasks/74b70d7f-0d1d-4813-8568-1dba4f8f7544, method: GET, body: null, query_params: null }"}
{"level":"info","message":"{ url: /boards/725e5567-c4af-4ec5-8e14-6e30c68e988f/tasks/1a8cae7a-3d7c-434a-b5ba-936d755840dd, method: DELETE, body: null, query_params: null }"}
{"level":"info","message":"{ url: /boards/725e5567-c4af-4ec5-8e14-6e30c68e988f/tasks/74b70d7f-0d1d-4813-8568-1dba4f8f7544, method: DELETE, body: null, query_params: null }"}
{"level":"info","message":"{ url: /boards/725e5567-c4af-4ec5-8e14-6e30c68e988f, method: DELETE, body: null, query_params: null }"}
